[21:29:29] [main/INFO]: Loading Minecraft 1.19 with Fabric Loader 0.14.8
[21:29:29] [ForkJoinPool-1-worker-2/WARN]: Mod modern_industrialization uses the version local which isn't compatible with Loader's extended semantic version format (Could not parse version number component 'local'!), SemVer is recommended for reliably evaluating dependencies and prioritizing newer version
[21:29:29] [ForkJoinPool-1-worker-4/WARN]: Mod io_netty_netty-codec-http uses the version 4.1.77.Final which isn't compatible with Loader's extended semantic version format (Could not parse version number component 'Final'!), SemVer is recommended for reliably evaluating dependencies and prioritizing newer version
[21:29:29] [main/INFO]: Loading 74 mods:
	- ae2 12.0.2-alpha
	- architectury 5.9.31
	- botania 1.19-435-FABRIC-SNAPSHOT
	- cardinal-components-base 5.0.0-beta.1 via trinkets
	- cardinal-components-entity 5.0.0-beta.1 via trinkets
	- cloth-basic-math 0.6.1 via cloth-config
	- cloth-config 7.0.73
	- cloth-utils-v1 2.0.54 via computercraft
	- com_electronwill_night-config_core 3.6.3 via computercraft
	- com_electronwill_night-config_toml 3.6.3 via computercraft
	- computercraft 1.101.0
	- fabric 0.57.0+1.19
	- fabric-api-base 0.4.9+e62f51a3a9 via fabric
	- fabric-api-lookup-api-v1 1.6.7+9ff28f40a9 via fabric
	- fabric-biome-api-v1 9.0.14+b2a4a624a9 via fabric
	- fabric-command-api-v1 1.2.6+f71b366fa9 via fabric
	- fabric-command-api-v2 2.1.2+0d55f585a9 via fabric
	- fabric-commands-v0 0.2.23+df3654b3a9 via fabric
	- fabric-containers-v0 0.1.27+df3654b3a9 via fabric
	- fabric-content-registries-v0 3.2.0+07df213ea9 via fabric
	- fabric-convention-tags-v1 1.0.8+37622d24a9 via fabric
	- fabric-crash-report-info-v1 0.2.3+bd0a0d4aa9 via fabric
	- fabric-data-generation-api-v1 5.1.1+a680b9b4a9 via fabric
	- fabric-dimensions-v1 2.1.28+a6d2f785a9 via fabric
	- fabric-entity-events-v1 1.4.16+9ff28f40a9 via fabric
	- fabric-events-interaction-v0 0.4.26+9ff28f40a9 via fabric
	- fabric-events-lifecycle-v0 0.2.25+df3654b3a9 via fabric
	- fabric-game-rule-api-v1 1.0.19+18990361a9 via fabric
	- fabric-item-api-v1 1.5.4+767db26ea9 via fabric
	- fabric-item-groups-v0 0.3.25+9ff28f40a9 via fabric
	- fabric-lifecycle-events-v1 2.1.0+33fbc738a9 via fabric
	- fabric-loot-api-v2 1.1.0+03a4e568a9 via fabric
	- fabric-loot-tables-v1 1.1.3+9e7660c6a9 via fabric
	- fabric-message-api-v1 1.0.1+513f4a59a9 via fabric
	- fabric-mining-level-api-v1 2.1.10+33fbc738a9 via fabric
	- fabric-networking-api-v1 1.0.27+7fe97409a9 via fabric
	- fabric-networking-v0 0.3.14+df3654b3a9 via fabric
	- fabric-object-builder-api-v1 4.0.7+9ff28f40a9 via fabric
	- fabric-particles-v1 1.0.8+dc39553aa9 via fabric
	- fabric-permissions-api-v0 0.1-SNAPSHOT via spark
	- fabric-registry-sync-v0 0.9.17+23c4cfefa9 via fabric
	- fabric-rendering-data-attachment-v1 0.3.12+9ff28f40a9 via fabric
	- fabric-rendering-fluids-v1 3.0.5+9ff28f40a9 via fabric
	- fabric-resource-conditions-api-v1 2.0.9+e62f51a3a9 via fabric
	- fabric-resource-loader-v0 0.5.5+a6d2f785a9 via fabric
	- fabric-screen-handler-api-v1 1.2.6+9ff28f40a9 via fabric
	- fabric-transfer-api-v1 2.0.9+e62f51a3a9 via fabric
	- fabric-transitive-access-wideners-v1 1.1.1+9e7660c6a9 via fabric
	- fabricloader 0.14.8
	- ferritecore 4.2.1
	- fiber 0.23.0-2 via botania
	- io_netty_netty-codec-http 4.1.77.Final via computercraft
	- java 17
	- lazydfu 0.1.3
	- lithium 0.8.1
	- magna 1.8.0-1.19 via modern_industrialization
	- memoryleakfix 1.19-0.7.0
	- minecraft 1.19
	- mixin-conflict-helper 1.1.0
	- modern_industrialization local
	- omega-config 1.0.8 via magna
	- org_squiddev_cobalt 0.5.5 via computercraft
	- patchouli 1.19-70-FABRIC-SNAPSHOT via modern_industrialization
	- playerabilitylib 1.6.0 via modern_industrialization
	- rdi-ct3b 1.0.0
	- reach-entity-attributes 2.3.0 via botania
	- reborncore 5.3.2+local via techreborn
	- roughlyenoughitems 9.0.493
	- skyutils 1.0.4
	- spark 1.9.26
	- step-height-entity-attribute 1.0.0 via botania
	- team_reborn_energy 2.2.0 via modern_industrialization
	- techreborn 5.3.2+local
	- trinkets 3.4.0
[21:29:29] [main/INFO]: SpongePowered MIXIN Subsystem Version=0.8.5 Source=file:/root/rdi35/libraries/net/fabricmc/sponge-mixin/0.11.4+mixin.0.8.5/sponge-mixin-0.11.4+mixin.0.8.5.jar Service=Knot/Fabric Env=SERVER
[21:29:29] [main/INFO]: Compatibility level set to JAVA_11
[21:29:29] [main/INFO]: Compatibility level set to JAVA_16
[21:29:29] [main/INFO]: Compatibility level set to JAVA_17
[21:29:29] [main/INFO]: Loaded configuration file for Lithium: 94 options available, 1 override(s) found
[21:29:30] [main/WARN]: Force-disabling mixin 'alloc.blockstate.StateMixin' as rule 'mixin.alloc.blockstate' (added by mods [ferritecore]) disables it and children
[21:29:34] [main/INFO]: Building unoptimized datafixer
[21:29:37] [main/ERROR]: No data fixer registered for botania:mana_burst
[21:29:37] [main/ERROR]: No data fixer registered for botania:pixie
[21:29:37] [main/ERROR]: No data fixer registered for botania:flame_ring
[21:29:37] [main/ERROR]: No data fixer registered for botania:vine_ball
[21:29:37] [main/ERROR]: No data fixer registered for botania:doppleganger
[21:29:37] [main/ERROR]: No data fixer registered for botania:magic_landmine
[21:29:37] [main/ERROR]: No data fixer registered for botania:spark
[21:29:37] [main/ERROR]: No data fixer registered for botania:thrown_item
[21:29:37] [main/ERROR]: No data fixer registered for botania:magic_missile
[21:29:37] [main/ERROR]: No data fixer registered for botania:thorn_chakram
[21:29:37] [main/ERROR]: No data fixer registered for botania:corporea_spark
[21:29:37] [main/ERROR]: No data fixer registered for botania:ender_air_bottle
[21:29:37] [main/ERROR]: No data fixer registered for botania:pool_minecart
[21:29:37] [main/ERROR]: No data fixer registered for botania:pink_wither
[21:29:37] [main/ERROR]: No data fixer registered for botania:player_mover
[21:29:37] [main/ERROR]: No data fixer registered for botania:mana_storm
[21:29:37] [main/ERROR]: No data fixer registered for botania:babylon_weapon
[21:29:37] [main/ERROR]: No data fixer registered for botania:falling_star
[21:29:37] [main/ERROR]: No data fixer registered for botania:ender_air
[21:29:38] [main/INFO]: Setting up Nuclear Items
[21:29:38] [main/INFO]: Modern Industrialization setup done!
[21:29:38] [main/INFO]: [REI] Registered plugin provider DefaultPlugin [roughlyenoughitems] for REIPlugin
[21:29:38] [main/INFO]: [REI] Registered plugin provider DefaultRuntimePlugin [roughlyenoughitems] for REIPlugin
[21:29:38] [main/WARN]: The entrypoint used by Botania, "rei_plugins_v0" is deprecated and will be removed in a future version of Roughly Enough Items. Please use "rei_server", "rei_client" or "rei_common" instead.
[21:29:38] [main/INFO]: [STDOUT]: Config loaded!
[21:29:38] [main/INFO]: TechReborn setup done!
[21:29:38] [main/ERROR]: Failed to start the minecraft server
java.lang.RuntimeException: Could not execute entrypoint stage 'main' due to errors, provided by 'botania'!
	at net.fabricmc.loader.impl.entrypoint.EntrypointUtils.lambda$invoke0$0(EntrypointUtils.java:51) ~[fabric-loader-0.14.8.jar:?]
	at net.fabricmc.loader.impl.util.ExceptionUtil.gatherExceptions(ExceptionUtil.java:33) ~[fabric-loader-0.14.8.jar:?]
	at net.fabricmc.loader.impl.entrypoint.EntrypointUtils.invoke0(EntrypointUtils.java:49) ~[fabric-loader-0.14.8.jar:?]
	at net.fabricmc.loader.impl.entrypoint.EntrypointUtils.invoke(EntrypointUtils.java:35) ~[fabric-loader-0.14.8.jar:?]
	at net.fabricmc.loader.impl.game.minecraft.Hooks.startServer(Hooks.java:62) ~[fabric-loader-0.14.8.jar:?]
	at net.minecraft.server.Main.main(Main.java:101) [server-intermediary.jar:?]
	at net.fabricmc.loader.impl.game.minecraft.MinecraftGameProvider.launch(MinecraftGameProvider.java:461) [fabric-loader-0.14.8.jar:?]
	at net.fabricmc.loader.impl.launch.knot.Knot.launch(Knot.java:74) [fabric-loader-0.14.8.jar:?]
	at net.fabricmc.loader.impl.launch.knot.KnotServer.main(KnotServer.java:23) [fabric-loader-0.14.8.jar:?]
	at net.fabricmc.loader.impl.launch.server.FabricServerLauncher.main(FabricServerLauncher.java:69) [fabric-loader-0.14.8.jar:?]
	Suppressed: java.lang.RuntimeException: Failed to initialize REI entry point: me.shedaniel.rei.RoughlyEnoughItemsCore
		at me.shedaniel.rei.RoughlyEnoughItemsInitializer.initializeEntryPoint(RoughlyEnoughItemsInitializer.java:88) ~[RoughlyEnoughItems-9.0.493.jar:?]
		at me.shedaniel.rei.RoughlyEnoughItemsInitializer.onInitialize(RoughlyEnoughItemsInitializer.java:48) ~[RoughlyEnoughItems-9.0.493.jar:?]
		at java.lang.invoke.MethodHandleProxies$1.invoke(MethodHandleProxies.java:198) ~[?:?]
		at com.sun.proxy.jdk.proxy3.$Proxy24.onInitialize(Unknown Source) ~[?:?]
		at net.fabricmc.loader.impl.entrypoint.EntrypointUtils.invoke0(EntrypointUtils.java:47) ~[fabric-loader-0.14.8.jar:?]
		at net.fabricmc.loader.impl.entrypoint.EntrypointUtils.invoke(EntrypointUtils.java:35) ~[fabric-loader-0.14.8.jar:?]
		at net.fabricmc.loader.impl.game.minecraft.Hooks.startServer(Hooks.java:62) ~[fabric-loader-0.14.8.jar:?]
		at net.minecraft.server.Main.main(Main.java:101) [server-intermediary.jar:?]
		at net.fabricmc.loader.impl.game.minecraft.MinecraftGameProvider.launch(MinecraftGameProvider.java:461) [fabric-loader-0.14.8.jar:?]
		at net.fabricmc.loader.impl.launch.knot.Knot.launch(Knot.java:74) [fabric-loader-0.14.8.jar:?]
		at net.fabricmc.loader.impl.launch.knot.KnotServer.main(KnotServer.java:23) [fabric-loader-0.14.8.jar:?]
		at net.fabricmc.loader.impl.launch.server.FabricServerLauncher.main(FabricServerLauncher.java:69) [fabric-loader-0.14.8.jar:?]
	Caused by: java.lang.RuntimeException: Rerached side issue when loading REI plugin by Botania. Please use "rei_server", "rei_client" or "rei_common" instead.
		at me.shedaniel.rei.RoughlyEnoughItemsState.error(RoughlyEnoughItemsState.java:53) ~[RoughlyEnoughItems-9.0.493.jar:?]
		at me.shedaniel.rei.fabric.PluginDetectorImpl.loadPlugin(PluginDetectorImpl.java:107) ~[RoughlyEnoughItems-9.0.493.jar:?]
		at me.shedaniel.rei.fabric.PluginDetectorImpl.detectCommonPlugins(PluginDetectorImpl.java:136) ~[RoughlyEnoughItems-9.0.493.jar:?]
		at me.shedaniel.rei.PluginDetector.detectCommonPlugins(PluginDetector.java) ~[RoughlyEnoughItems-9.0.493.jar:?]
		at me.shedaniel.rei.RoughlyEnoughItemsCore.onInitialize(RoughlyEnoughItemsCore.java:153) ~[RoughlyEnoughItems-9.0.493.jar:?]
		at me.shedaniel.rei.RoughlyEnoughItemsInitializer.initializeEntryPoint(RoughlyEnoughItemsInitializer.java:84) ~[RoughlyEnoughItems-9.0.493.jar:?]
		... 11 more
Caused by: java.lang.NoSuchMethodError: 'vazkii.patchouli.api.IStateMatcher vazkii.patchouli.api.PatchouliAPI$IPatchouliAPI.tagMatcher(net.minecraft.class_6862)'
	at vazkii.botania.common.block.tile.TileTerraPlate.lambda$static$0(TileTerraPlate.java:68) ~[Botania-1.19-435-FABRIC-SNAPSHOT.jar:?]
	at com.google.common.base.Suppliers$NonSerializableMemoizingSupplier.get(Suppliers.java:183) ~[guava-31.0.1-jre.jar:?]
	at vazkii.botania.fabric.FabricCommonInitializer.onInitialize(FabricCommonInitializer.java:115) ~[Botania-1.19-435-FABRIC-SNAPSHOT.jar:?]
	at net.fabricmc.loader.impl.entrypoint.EntrypointUtils.invoke0(EntrypointUtils.java:47) ~[fabric-loader-0.14.8.jar:?]
	... 7 more
